<?xml version="1.0" encoding="UTF-8"?>
<!-- Generated by org.testng.reporters.JUnitReportReporter -->
<testsuite skipped="0" hostname="Payal-PC" name="scripts.TestInvalidLogin" tests="1" failures="0" timestamp="20 Jun 2018 19:14:44 GMT" time="27.080" errors="0">
  <testcase name="testInvalidLogin" time="27.080" classname="scripts.TestInvalidLogin"/>
</testsuite> <!-- scripts.TestInvalidLogin -->
