<?xml version="1.0" encoding="UTF-8"?>
<!-- Generated by org.testng.reporters.JUnitReportReporter -->
<testsuite skipped="0" hostname="Payal-PC" name="scripts.TestValidLogin" tests="1" failures="0" timestamp="25 Jun 2018 20:59:18 GMT" time="27.212" errors="0">
  <testcase name="testValidLogin" time="27.212" classname="scripts.TestValidLogin"/>
</testsuite> <!-- scripts.TestValidLogin -->
